I191230 10:17:31.088628 1 util/log/clog.go:1196  [config] file created at: 2019/12/30 10:17:31
I191230 10:17:31.088628 1 util/log/clog.go:1196  [config] running on machine: archlinux
I191230 10:17:31.088628 1 util/log/clog.go:1196  [config] binary: CockroachDB CCL v19.2.1 (x86_64-unknown-linux-gnu, built 2019/11/18 23:23:55, go1.12.12)
I191230 10:17:31.088628 1 util/log/clog.go:1196  [config] arguments: [cockroach start --insecure]
I191230 10:17:31.088628 1 util/log/clog.go:1196  line format: [IWEF]yymmdd hh:mm:ss.uuuuuu goid file:line msg utf8=✓
I191230 10:17:31.088623 1 cli/start.go:1138  logging to directory /home/kaijack/Documents/micronaut/example-jpa/cockroach-data/logs
W191230 10:17:31.091101 1 cli/start.go:1176  RUNNING IN INSECURE MODE!

- Your cluster is open for any client that can access <all your IP addresses>.
- Any user, even root, can log in without providing a password.
- Any user, connecting as root, can read or write any data in your cluster.
- There is no network encryption nor authentication, and thus no confidentiality.

Check out how to secure your cluster: https://www.cockroachlabs.com/docs/v19.2/secure-a-cluster.html
I191230 10:17:31.091516 1 server/status/recorder.go:599  available memory from cgroups (8.0 EiB) exceeds system memory 3.7 GiB, using system memory
W191230 10:17:31.092155 1 cli/start.go:1046  Using the default setting for --cache (128 MiB).
  A significantly larger value is usually needed for good performance.
  If you have a dedicated server a reasonable setting is --cache=.25 (944 MiB).
I191230 10:17:31.092473 1 server/status/recorder.go:599  available memory from cgroups (8.0 EiB) exceeds system memory 3.7 GiB, using system memory
W191230 10:17:31.092565 1 cli/start.go:1059  Using the default setting for --max-sql-memory (128 MiB).
  A significantly larger value is usually needed in production.
  If you have a dedicated server a reasonable setting is --max-sql-memory=.25 (944 MiB).
I191230 10:17:31.092922 1 server/status/recorder.go:599  available memory from cgroups (8.0 EiB) exceeds system memory 3.7 GiB, using system memory
I191230 10:17:31.092986 1 cli/start.go:1190  CockroachDB CCL v19.2.1 (x86_64-unknown-linux-gnu, built 2019/11/18 23:23:55, go1.12.12)
W191230 10:17:31.193771 1 cli/start.go:505  running 'cockroach start' without --join is deprecated.
Consider using 'cockroach start-single-node' or 'cockroach init' instead.
I191230 10:17:31.196071 1 server/status/recorder.go:599  available memory from cgroups (8.0 EiB) exceeds system memory 3.7 GiB, using system memory
I191230 10:17:31.196124 1 server/config.go:394  system total memory: 3.7 GiB
I191230 10:17:31.196220 1 server/config.go:396  server configuration:
max offset             500000000
cache size             128 MiB
SQL memory pool size   128 MiB
scan interval          10m0s
scan min idle time     10ms
scan max idle time     1s
event log enabled      true
I191230 10:17:31.196286 1 cli/start.go:1031  process identity: uid 1000 euid 1000 gid 985 egid 985
I191230 10:17:31.196649 1 cli/start.go:638  starting cockroach node
I191230 10:17:31.204219 14 storage/engine/rocksdb.go:621  opening rocksdb instance at "/home/kaijack/Documents/micronaut/example-jpa/cockroach-data/cockroach-temp128890961"
I191230 10:17:31.345699 14 server/server.go:927  [n?] monitoring forward clock jumps based on server.clock.forward_jump_check_enabled
E191230 10:17:31.365841 1 cli/error.go:233  cockroach server exited with error: consider changing the port via --http-addr: listen tcp :8080: bind: address already in use
